Loading libraries, please wait...
[11:13:01 INFO]: Starting minecraft server version 1.7.9
[11:13:01 ERROR]: Exception handling console input
java.io.IOException: Bad file descriptor
	at java.io.FileInputStream.readBytes(Native Method) ~[?:1.8.0_161]
	at java.io.FileInputStream.read(FileInputStream.java:255) ~[?:1.8.0_161]
	at java.io.BufferedInputStream.fill(BufferedInputStream.java:246) ~[?:1.8.0_161]
	at java.io.BufferedInputStream.read(BufferedInputStream.java:265) ~[?:1.8.0_161]
	at java.io.FilterInputStream.read(FilterInputStream.java:83) ~[?:1.8.0_161]
	at org.bukkit.craftbukkit.libs.jline.console.ConsoleReader$1.read(ConsoleReader.java:167) ~[craftbukkit.jar:git-Bukkit-1.7.9-R0.1-10-g8688bd4-b3092jnks]
	at org.bukkit.craftbukkit.libs.jline.internal.InputStreamReader.read(InputStreamReader.java:267) ~[craftbukkit.jar:git-Bukkit-1.7.9-R0.1-10-g8688bd4-b3092jnks]
	at org.bukkit.craftbukkit.libs.jline.internal.InputStreamReader.read(InputStreamReader.java:204) ~[craftbukkit.jar:git-Bukkit-1.7.9-R0.1-10-g8688bd4-b3092jnks]
	at org.bukkit.craftbukkit.libs.jline.console.ConsoleReader.readCharacter(ConsoleReader.java:995) ~[craftbukkit.jar:git-Bukkit-1.7.9-R0.1-10-g8688bd4-b3092jnks]
	at org.bukkit.craftbukkit.libs.jline.console.ConsoleReader.readLineSimple(ConsoleReader.java:1506) ~[craftbukkit.jar:git-Bukkit-1.7.9-R0.1-10-g8688bd4-b3092jnks]
	at org.bukkit.craftbukkit.libs.jline.console.ConsoleReader.readLine(ConsoleReader.java:1153) ~[craftbukkit.jar:git-Bukkit-1.7.9-R0.1-10-g8688bd4-b3092jnks]
	at org.bukkit.craftbukkit.libs.jline.console.ConsoleReader.readLine(ConsoleReader.java:1117) ~[craftbukkit.jar:git-Bukkit-1.7.9-R0.1-10-g8688bd4-b3092jnks]
	at org.bukkit.craftbukkit.libs.jline.console.ConsoleReader.readLine(ConsoleReader.java:1105) ~[craftbukkit.jar:git-Bukkit-1.7.9-R0.1-10-g8688bd4-b3092jnks]
	at net.minecraft.server.v1_7_R3.ThreadCommandReader.run(ThreadCommandReader.java:34) [craftbukkit.jar:git-Bukkit-1.7.9-R0.1-10-g8688bd4-b3092jnks]
[11:13:01 INFO]: Loading properties
[11:13:01 INFO]: Default game type: SURVIVAL
[11:13:01 INFO]: Generating keypair
[11:13:01 INFO]: Starting Minecraft server on *:25565
[11:13:01 INFO]: This server is running CraftBukkit version git-Bukkit-1.7.9-R0.1-10-g8688bd4-b3092jnks (MC: 1.7.9) (Implementing API version 1.7.9-R0.2)
[11:13:01 WARN]: **** SERVER IS RUNNING IN OFFLINE/INSECURE MODE!
[11:13:01 WARN]: The server will make no attempt to authenticate usernames. Beware.
[11:13:01 WARN]: While this makes the game possible to play without internet access, it also opens up the ability for hackers to connect with any username they choose.
[11:13:01 WARN]: To change this, set "online-mode" to "true" in the server.properties file.
[11:13:01 INFO]: Preparing level "survival"
[11:13:01 INFO]: Preparing start region for level 0 (Seed: 2576624799778319516)
[11:13:02 INFO]: Preparing spawn area: 45%
[11:13:03 INFO]: Preparing start region for level 1 (Seed: 2576624799778319516)
[11:13:04 INFO]: Preparing start region for level 2 (Seed: 2576624799778319516)
[11:13:04 INFO]: Server permissions file permissions.yml is empty, ignoring it
[11:13:04 INFO]: Done (2.957s)! For help, type "help" or "?"
[11:14:28 INFO]: Kevlar[/0:0:0:0:0:0:0:1:55478] logged in with entity id 266 at ([survival] -155.87993349016654, 64.0, 248.1244387138147)
[11:14:36 INFO]: Kevlar lost connection: Disconnected
[11:14:36 INFO]: Kevlar left the game.
[11:14:46 INFO]: Kevlar[/0:0:0:0:0:0:0:1:55482] logged in with entity id 827 at ([survival] -157.666877839604, 64.0, 249.5639101097461)
[11:15:11 INFO]: Kevlar lost connection: Disconnected
[11:15:11 INFO]: Kevlar left the game.
[11:15:27 INFO]: Kevlar[/0:0:0:0:0:0:0:1:55624] logged in with entity id 1113 at ([survival] -159.96558812377282, 64.0, 249.59062279510388)
[11:16:25 INFO]: Kevlar lost connection: Disconnected
[11:16:25 INFO]: Kevlar left the game.
[11:17:49 INFO]: Kevlar[/0:0:0:0:0:0:0:1:55808] logged in with entity id 1986 at ([survival] -160.1901162539966, 64.0, 252.30279443054846)
[11:18:13 INFO]: Kevlar lost connection: Disconnected
[11:18:13 INFO]: Kevlar left the game.
[11:19:02 INFO]: Stopping server
[11:19:02 INFO]: Saving players
[11:19:02 INFO]: Saving worlds
[11:19:02 INFO]: Saving chunks for level 'survival'/Overworld
