 --- Loading libraries, please wait...
 --- [10:48:56 INFO]: Starting minecraft server version 1.7.9
 --- [10:48:56 INFO]: Loading properties
 --- [10:48:56 INFO]: Default game type: CREATIVE
 --- [10:48:56 INFO]: Generating keypair
 --- [10:48:57 INFO]: Starting Minecraft server on *:25565
 --- [10:48:58 INFO]: This server is running CraftBukkit version git-Bukkit-1.7.9-R0.1-10-g8688bd4-b3092jnks (MC: 1.7.9) (Implementing API version 1.7.9-R0.2)
 --- [10:49:00 INFO]: [RunAs] Loading RunAs v1.0.1
 --- [10:49:00 INFO]: [AntiCreeper] Loading AntiCreeper v4.18.1
 --- [10:49:00 INFO]: [SignEdit] Loading SignEdit v3.3.9
 --- [10:49:00 INFO]: [GroupManager] Loading GroupManager v2.1.11 (Phoenix)
 --- [10:49:00 INFO]: [WorldEdit] Loading WorldEdit v5.6.2
 --- [10:49:00 INFO]: [Speedcarts] Loading Speedcarts v1.3.5
 --- [10:49:00 INFO]: [Essentials] Loading Essentials v2.13.1
 --- [10:49:00 INFO]: [EssentialsChat] Loading EssentialsChat v2.13.1
 --- [10:49:00 INFO]: [EssentialsProtect] Loading EssentialsProtect v2.13.1
 --- [10:49:00 WARN]: **** SERVER IS RUNNING IN OFFLINE/INSECURE MODE!
 --- [10:49:00 WARN]: The server will make no attempt to authenticate usernames. Beware.
 --- [10:49:00 WARN]: While this makes the game possible to play without internet access, it also opens up the ability for hackers to connect with any username they choose.
 --- [10:49:00 WARN]: To change this, set "online-mode" to "true" in the server.properties file.
 --- [10:49:00 INFO]: Preparing level "kevlar"
 --- [10:49:00 INFO]: Preparing start region for level 0 (Seed: -6429030645283485143)
 --- [10:49:01 INFO]: Preparing spawn area: 0%
 --- [10:49:02 INFO]: Preparing spawn area: 26%
 --- [10:49:03 INFO]: Preparing spawn area: 72%
 --- [10:49:04 INFO]: Preparing start region for level 1 (Seed: -5412670237699833762)
 --- [10:49:05 INFO]: Preparing spawn area: 67%
 --- [10:49:05 INFO]: Preparing start region for level 2 (Seed: -5412670237699833762)
 --- [10:49:06 INFO]: [RunAs] Enabling RunAs v1.0.1
 --- [10:49:06 INFO]: [AntiCreeper] Enabling AntiCreeper v4.18.1
 --- [10:49:06 INFO]: [AntiCreeper] brought to you by Filbert66
 --- [10:49:06 INFO]: [SignEdit] Enabling SignEdit v3.3.9
 --- [10:49:06 INFO]: [GroupManager] Enabling GroupManager v2.1.11 (Phoenix)
 --- [10:49:06 INFO]: GroupManager - INFO - World Found: world
 --- [10:49:06 INFO]: GroupManager - INFO - World Found: kevlar
 --- [10:49:06 INFO]: GroupManager - INFO - Superperms support enabled.
 --- [10:49:06 INFO]: GroupManager - INFO - Scheduled Data Saving is set for every 10 minutes!
 --- [10:49:06 INFO]: GroupManager - INFO - Backups will be retained for 24 hours!
 --- [10:49:06 INFO]: GroupManager version 2.1.11 (Phoenix) is enabled!
 --- [10:49:06 INFO]: [WorldEdit] Enabling WorldEdit v5.6.2
 --- [10:49:07 INFO]: WEPIF: GroupManager detected! Using GroupManager for permissions.
 --- [10:49:08 INFO]: [Speedcarts] Enabling Speedcarts v1.3.5
 --- [10:49:08 INFO]: [Speedcarts] Checking for updates...
 --- [10:49:08 WARN]: [Speedcarts] [33mSpeedcarts could not check for updates [java.net.UnknownHostException: version.znt.se].[m
 --- [10:49:08 INFO]: [Speedcarts] Speedcarts enabled!
 --- [10:49:08 INFO]: [Essentials] Enabling Essentials v2.13.1
 --- [10:49:12 INFO]: Essentials: Using GroupManager based permissions.
 --- [10:49:12 INFO]: [EssentialsChat] Enabling EssentialsChat v2.13.1
 --- [10:49:12 INFO]: [EssentialsProtect] Enabling EssentialsProtect v2.13.1
 --- [10:49:12 INFO]: Server permissions file permissions.yml is empty, ignoring it
 --- [10:49:12 INFO]: Done (12.750s)! For help, type "help" or "?"
 --- [10:49:13 INFO]: GroupManager - INFO - Bukkit Permissions Updated!
 --- [12:25:12 INFO]: AMS12DUCK[/50.188.140.91:51320] logged in with entity id 207 at ([kevlar] 371.3461997350294, 96.99871134313929, 561.8323737809985)
 --- [12:25:20 INFO]: AMS12DUCK issued server command: /weather clear
 --- [12:25:30 INFO]: AMS12DUCK issued server command: /time set 600
 --- [12:26:00 INFO]: [WorldEdit] Using external NmsBlock for this version: CBXNmsBlock_175_5xcompat
 --- [12:27:19 INFO]: AMS12DUCK lost connection: You logged in from another location
 --- [12:27:19 INFO]: AMS12DUCK left the game.
 --- [12:27:19 INFO]: AMS12DUCK[/50.188.140.91:51329] logged in with entity id 2243 at ([kevlar] 403.85460003566845, 84.99975596546764, 588.0465038070927)
 --- [12:29:13 INFO]: AMS12DUCK lost connection: You logged in from another location
 --- [12:29:13 INFO]: AMS12DUCK left the game.
 --- [12:29:14 INFO]: AMS12DUCK[/50.188.140.91:51333] logged in with entity id 4800 at ([kevlar] 398.168674853903, 68.43751037256148, 591.5032347203442)
 --- [12:31:13 INFO]: AMS12DUCK lost connection: You logged in from another location
 --- [12:31:13 INFO]: AMS12DUCK left the game.
 --- [12:31:13 INFO]: AMS12DUCK[/50.188.140.91:51353] logged in with entity id 7042 at ([kevlar] 407.1550271956561, 94.1049081351374, 581.7150533974385)
 --- [12:32:51 INFO]: AMS12DUCK lost connection: Disconnected
 --- [12:32:51 INFO]: AMS12DUCK left the game.
 --- [13:18:19 INFO]: AMS12DUCK[/50.188.140.91:51857] logged in with entity id 9320 at ([kevlar] 419.53205639127725, 68.0, 550.8984649157082)
 --- [13:24:18 INFO]: AMS12DUCK issued server command: /set quartz
 --- [13:24:18 INFO]: WorldEdit: AMS12DUCK (in "kevlar"): /set quartz - Region: (392.0, 68.0, 549.0) - (396.0, 68.0, 592.0)
 --- [13:27:42 INFO]: AMS12DUCK issued server command: /copy
 --- [13:27:42 INFO]: WorldEdit: AMS12DUCK (in "kevlar"): /copy
 --- [13:27:47 INFO]: AMS12DUCK issued server command: /paste
 --- [13:27:47 INFO]: WorldEdit: AMS12DUCK (in "kevlar"): /paste - Position: (391.0, 69.0, 577.0)
 --- [13:27:54 INFO]: AMS12DUCK issued server command: /paste
 --- [13:27:54 INFO]: WorldEdit: AMS12DUCK (in "kevlar"): /paste - Position: (391.0, 69.0, 561.0)
 --- [13:28:00 INFO]: AMS12DUCK issued server command: /undo
 --- [13:28:00 INFO]: WorldEdit: AMS12DUCK (in "kevlar"): /undo
 --- [13:28:06 INFO]: AMS12DUCK issued server command: /paste
 --- [13:28:06 INFO]: WorldEdit: AMS12DUCK (in "kevlar"): /paste - Position: (391.0, 69.0, 562.0)
 --- [13:29:43 INFO]: AMS12DUCK issued server command: /set quartz
 --- [13:29:43 INFO]: WorldEdit: AMS12DUCK (in "kevlar"): /set quartz - Region: (396.0, 68.0, 549.0) - (399.0, 68.0, 592.0)
 --- [13:36:06 INFO]: AMS12DUCK issued server command: /set slab
 --- [13:36:06 INFO]: WorldEdit: AMS12DUCK (in "kevlar"): /set slab - Region: (399.0, 68.0, 548.0) - (423.0, 68.0, 548.0)
 --- [13:36:15 INFO]: AMS12DUCK issued server command: /set slab
 --- [13:36:15 INFO]: WorldEdit: AMS12DUCK (in "kevlar"): /set slab - Region: (398.0, 68.0, 548.0) - (423.0, 68.0, 548.0)
 --- [13:45:36 INFO]: AMS12DUCK issued server command: /copy
 --- [13:45:36 INFO]: WorldEdit: AMS12DUCK (in "kevlar"): /copy
 --- [13:45:50 INFO]: AMS12DUCK issued server command: /paste
 --- [13:45:50 INFO]: WorldEdit: AMS12DUCK (in "kevlar"): /paste - Position: (397.0, 69.0, 580.0)
 --- [14:00:08 INFO]: AMS12DUCK lost connection: Disconnected
 --- [14:00:08 INFO]: AMS12DUCK left the game.
 --- [08:41:58 INFO]: SawyoloTheGreat[/24.20.229.69:42553] logged in with entity id 42767 at ([kevlar] -20.403398310639574, 84.15382134367853, 733.1047445233013)
 --- [08:43:16 INFO]: SawyoloTheGreat lost connection: You logged in from another location
 --- [08:43:16 INFO]: SawyoloTheGreat left the game.
 --- [08:43:16 INFO]: SawyoloTheGreat[/24.20.229.69:45501] logged in with entity id 44514 at ([kevlar] -84.904098288276, 107.74113055951167, 684.6180353732221)
 --- [08:47:22 INFO]: SawyoloTheGreat lost connection: Timed out
 --- [08:47:22 INFO]: SawyoloTheGreat left the game.
 --- [08:47:30 INFO]: SawyoloTheGreat[/24.20.229.69:35937] logged in with entity id 50699 at ([kevlar] -49.896700111809565, 64.96007774368371, 522.1381021031893)
 --- [08:49:16 INFO]: SawyoloTheGreat lost connection: You logged in from another location
 --- [08:49:16 INFO]: SawyoloTheGreat left the game.
 --- [08:49:16 INFO]: SawyoloTheGreat[/24.20.229.69:37926] logged in with entity id 53780 at ([kevlar] -159.6962905251627, 67.1116330269739, 683.2686136805268)
 --- [08:51:14 INFO]: SawyoloTheGreat lost connection: You logged in from another location
 --- [08:51:14 INFO]: SawyoloTheGreat left the game.
 --- [08:51:14 INFO]: SawyoloTheGreat[/24.20.229.69:37265] logged in with entity id 55811 at ([kevlar] -153.97944226681562, 72.73901677465356, 668.270185677298)
 --- [08:53:15 INFO]: SawyoloTheGreat lost connection: You logged in from another location
 --- [08:53:15 INFO]: SawyoloTheGreat left the game.
 --- [08:53:15 INFO]: SawyoloTheGreat[/24.20.229.69:43878] logged in with entity id 57254 at ([kevlar] -152.42209772348932, 72.1116330269739, 667.0778792559864)
 --- [08:57:22 INFO]: SawyoloTheGreat lost connection: Timed out
 --- [08:57:22 INFO]: SawyoloTheGreat left the game.
 --- [08:57:24 INFO]: SawyoloTheGreat[/24.20.229.69:47770] logged in with entity id 63608 at ([kevlar] -5.342097769010863, 56.54976425359508, 802.7264078798195)
 --- [08:59:15 INFO]: SawyoloTheGreat lost connection: You logged in from another location
 --- [08:59:15 INFO]: SawyoloTheGreat left the game.
 --- [08:59:15 INFO]: SawyoloTheGreat[/24.20.229.69:38623] logged in with entity id 64648 at ([kevlar] -13.747287646591694, 70.02693987485019, 792.7485781359193)
 --- [09:01:15 INFO]: SawyoloTheGreat lost connection: You logged in from another location
 --- [09:01:15 INFO]: SawyoloTheGreat left the game.
 --- [09:01:15 INFO]: SawyoloTheGreat[/24.20.229.69:38096] logged in with entity id 65461 at ([kevlar] -10.273871924760588, 69.6198564269099, 784.6999999880791)
 --- [09:07:14 INFO]: SawyoloTheGreat lost connection: You logged in from another location
 --- [09:07:14 INFO]: SawyoloTheGreat left the game.
 --- [09:07:14 INFO]: SawyoloTheGreat[/24.20.229.69:33799] logged in with entity id 69827 at ([kevlar] -10.045657252490255, 69.5362991895463, 786.3158480053106)
 --- [09:23:22 INFO]: SawyoloTheGreat lost connection: Timed out
 --- [09:23:22 INFO]: SawyoloTheGreat left the game.
 --- [09:35:15 INFO]: SawyoloTheGreat[/24.20.229.69:38749] logged in with entity id 82544 at ([kevlar] -42.15715202601628, 75.86435618333834, 709.6171249754639)
 --- [09:38:30 INFO]: CommandBlock at 42,88,642 issued server command: /warp st SawyoloTheGreat
 --- [09:38:31 INFO]: CommandBlock at 58,80,589 issued server command: /warp poo SawyoloTheGreat
 --- [09:39:22 INFO]: SawyoloTheGreat lost connection: Timed out
 --- [09:39:22 INFO]: SawyoloTheGreat left the game.
 --- [09:42:44 INFO]: SawyoloTheGreat[/24.20.229.69:36915] logged in with entity id 86310 at ([kevlar] 83.30000001192093, 77.82441860345847, 624.0442246807033)
 --- [09:42:51 INFO]: SawyoloTheGreat issued server command: /warp st
 --- [09:43:15 INFO]: SawyoloTheGreat lost connection: You logged in from another location
 --- [09:43:15 INFO]: SawyoloTheGreat left the game.
 --- [09:43:15 INFO]: SawyoloTheGreat[/24.20.229.69:33569] logged in with entity id 86801 at ([kevlar] 57.5, 82.0, 588.5)
 --- [09:43:17 INFO]: CommandBlock at 58,80,589 issued server command: /warp poo SawyoloTheGreat
 --- [09:43:19 INFO]: CommandBlock at 81,80,623 issued server command: /warp mushpeen SawyoloTheGreat
 --- [09:43:21 INFO]: CommandBlock at 81,80,623 issued server command: /warp mushpeen SawyoloTheGreat
 --- [09:43:28 INFO]: CommandBlock at 81,80,623 issued server command: /warp mushpeen SawyoloTheGreat
 --- [09:43:29 INFO]: CommandBlock at 81,80,623 issued server command: /warp mushpeen SawyoloTheGreat
 --- [09:43:44 INFO]: SawyoloTheGreat issued server command: /warp mushpeen
 --- [09:43:54 INFO]: SawyoloTheGreat issued server command: /warp citycenter
 --- [09:45:22 INFO]: SawyoloTheGreat lost connection: Timed out
 --- [09:45:22 INFO]: SawyoloTheGreat left the game.
 --- [09:45:38 INFO]: SawyoloTheGreat[/24.20.229.69:49140] logged in with entity id 90493 at ([kevlar] -16.685261917714378, 83.71774445454587, 775.9507010880425)
 --- [09:47:15 INFO]: SawyoloTheGreat lost connection: You logged in from another location
 --- [09:47:15 INFO]: SawyoloTheGreat left the game.
 --- [09:47:15 INFO]: SawyoloTheGreat[/24.20.229.69:38084] logged in with entity id 91767 at ([kevlar] -7.375720141851975, 74.0328137261788, 750.4806896250966)
 --- [09:49:07 INFO]: SawyoloTheGreat lost connection: You logged in from another location
 --- [09:49:07 INFO]: SawyoloTheGreat left the game.
 --- [09:49:07 INFO]: SawyoloTheGreat[/24.20.229.69:48956] logged in with entity id 93384 at ([kevlar] -7.3213187462297995, 74.0, 747.7887350900802)
 --- [09:52:02 INFO]: CommandBlock at -83,98,676 issued server command: /warp klol1 SawyoloTheGreat
 --- [09:52:17 INFO]: CommandBlock at -72,63,657 issued server command: /warp bdg SawyoloTheGreat
 --- [09:52:21 INFO]: SawyoloTheGreat issued server command: /warp walls
 --- [09:53:22 INFO]: SawyoloTheGreat lost connection: You logged in from another location
 --- [09:53:22 INFO]: SawyoloTheGreat left the game.
 --- [09:53:22 INFO]: SawyoloTheGreat[/24.20.229.69:45492] logged in with entity id 100790 at ([kevlar] 1108.8627392391402, 64.0, 651.6502898376127)
 --- [09:55:14 INFO]: SawyoloTheGreat lost connection: You logged in from another location
 --- [09:55:14 INFO]: SawyoloTheGreat left the game.
 --- [09:55:14 INFO]: SawyoloTheGreat[/24.20.229.69:32981] logged in with entity id 102814 at ([kevlar] 1093.7177839546994, 18.23935599715295, 640.6525497288504)
 --- [09:57:15 INFO]: SawyoloTheGreat lost connection: You logged in from another location
 --- [09:57:16 INFO]: SawyoloTheGreat left the game.
 --- [09:57:16 INFO]: SawyoloTheGreat[/24.20.229.69:34855] logged in with entity id 104153 at ([kevlar] 1099.2816340596248, 17.15874744257659, 618.6177009246195)
 --- [09:59:11 INFO]: SawyoloTheGreat lost connection: You logged in from another location
 --- [09:59:11 INFO]: SawyoloTheGreat left the game.
 --- [09:59:11 INFO]: SawyoloTheGreat[/24.20.229.69:33782] logged in with entity id 105368 at ([kevlar] 1109.6560952285588, 8.111633026973891, 654.25130893472)
 --- [10:03:18 INFO]: SawyoloTheGreat lost connection: You logged in from another location
 --- [10:03:18 INFO]: SawyoloTheGreat left the game.
 --- [10:03:18 INFO]: SawyoloTheGreat[/24.20.229.69:46784] logged in with entity id 107727 at ([kevlar] 1153.2146098717446, 6.6248934805795106, 649.657424286199)
 --- [10:05:15 INFO]: SawyoloTheGreat lost connection: You logged in from another location
 --- [10:05:15 INFO]: SawyoloTheGreat left the game.
 --- [10:05:15 INFO]: SawyoloTheGreat[/24.20.229.69:43461] logged in with entity id 109384 at ([kevlar] 1123.843938960172, 6.0, 636.1137780605312)
 --- [10:06:27 INFO]: SawyoloTheGreat issued server command: /warp walls
 --- [10:09:16 INFO]: SawyoloTheGreat lost connection: You logged in from another location
 --- [10:09:16 INFO]: SawyoloTheGreat left the game.
 --- [10:09:16 INFO]: SawyoloTheGreat[/24.20.229.69:42111] logged in with entity id 118752 at ([kevlar] 1160.2080462786423, 92.14467585452735, 637.927017669974)
 --- [10:09:21 INFO]: SawyoloTheGreat issued server command: /warp citycenter
 --- [10:11:15 INFO]: SawyoloTheGreat lost connection: You logged in from another location
 --- [10:11:15 INFO]: SawyoloTheGreat left the game.
 --- [10:11:15 INFO]: SawyoloTheGreat[/24.20.229.69:43890] logged in with entity id 123895 at ([kevlar] -57.92139303521924, 66.86538129469197, 522.3073985440749)
 --- [10:13:22 INFO]: SawyoloTheGreat lost connection: Timed out
 --- [10:13:22 INFO]: SawyoloTheGreat left the game.
 --- [10:13:59 INFO]: SawyoloTheGreat[/24.20.229.69:40828] logged in with entity id 126265 at ([kevlar] -57.92139303521924, 66.86538129469197, 522.3073985440749)
 --- [10:14:45 INFO]: SawyoloTheGreat issued server command: /warp walls
 --- [10:15:15 INFO]: SawyoloTheGreat lost connection: You logged in from another location
 --- [10:15:15 INFO]: SawyoloTheGreat left the game.
 --- [10:15:15 INFO]: SawyoloTheGreat[/24.20.229.69:46453] logged in with entity id 131357 at ([kevlar] 1222.9129453564954, 90.34680882202369, 654.6150692327341)
 --- [10:15:30 INFO]: SawyoloTheGreat issued server command: /warp pool
 --- [10:16:44 INFO]: CommandBlock at 288,56,531 issued server command: /kill SawyoloTheGreat
 --- [10:16:44 INFO]: SawyoloTheGreat died
 --- [10:19:15 INFO]: SawyoloTheGreat lost connection: You logged in from another location
 --- [10:19:15 INFO]: SawyoloTheGreat left the game.
 --- [10:19:15 INFO]: SawyoloTheGreat[/24.20.229.69:48655] logged in with entity id 135195 at ([kevlar] -483.9594784133792, 67.0, 599.6999999880791)
 --- [10:23:21 INFO]: SawyoloTheGreat lost connection: You logged in from another location
 --- [10:23:21 INFO]: SawyoloTheGreat left the game.
 --- [10:23:21 INFO]: SawyoloTheGreat[/24.20.229.69:41649] logged in with entity id 137485 at ([kevlar] -312.99896628118944, 79.93351904595296, 578.4754334422381)
 --- [10:25:15 INFO]: SawyoloTheGreat lost connection: You logged in from another location
 --- [10:25:15 INFO]: SawyoloTheGreat left the game.
 --- [10:25:15 INFO]: SawyoloTheGreat[/24.20.229.69:40094] logged in with entity id 138514 at ([kevlar] -336.4694501408784, 71.63502899830738, 582.818881792316)
 --- [10:27:07 INFO]: SawyoloTheGreat lost connection: You logged in from another location
 --- [10:27:07 INFO]: SawyoloTheGreat left the game.
 --- [10:27:07 INFO]: SawyoloTheGreat[/24.20.229.69:48689] logged in with entity id 141004 at ([kevlar] -393.045911469798, 66.07279471378136, 586.7490923140239)
 --- [10:29:19 INFO]: SawyoloTheGreat issued server command: /war park
 --- [10:29:26 INFO]: SawyoloTheGreat issued server command: /warp park
 --- [10:33:15 INFO]: SawyoloTheGreat lost connection: You logged in from another location
 --- [10:33:15 INFO]: SawyoloTheGreat left the game.
 --- [10:33:15 INFO]: SawyoloTheGreat[/24.20.229.69:45041] logged in with entity id 148931 at ([kevlar] -117.75398804381744, 68.15473176351254, 315.0966221434561)
 --- [10:35:14 INFO]: SawyoloTheGreat lost connection: You logged in from another location
 --- [10:35:15 INFO]: SawyoloTheGreat left the game.
 --- [10:35:15 INFO]: SawyoloTheGreat[/24.20.229.69:40325] logged in with entity id 150132 at ([kevlar] -113.93554423788046, 66.0155550727022, 312.41983250449067)
 --- [10:37:15 INFO]: SawyoloTheGreat lost connection: You logged in from another location
 --- [10:37:15 INFO]: SawyoloTheGreat left the game.
 --- [10:37:15 INFO]: SawyoloTheGreat[/24.20.229.69:48620] logged in with entity id 151109 at ([kevlar] -112.34010084104612, 66.0, 318.77280186203706)
 --- [10:43:15 INFO]: SawyoloTheGreat lost connection: You logged in from another location
 --- [10:43:15 INFO]: SawyoloTheGreat left the game.
 --- [10:43:15 INFO]: SawyoloTheGreat[/24.20.229.69:35540] logged in with entity id 153105 at ([kevlar] -115.03297540012247, 64.5, 312.5433402021345)
 --- [10:51:15 INFO]: SawyoloTheGreat lost connection: You logged in from another location
 --- [10:51:15 INFO]: SawyoloTheGreat left the game.
 --- [10:51:15 INFO]: SawyoloTheGreat[/24.20.229.69:39828] logged in with entity id 157579 at ([kevlar] -121.30000001192093, 61.08734522528373, 315.58472362816343)
 --- [10:53:14 INFO]: SawyoloTheGreat lost connection: You logged in from another location
 --- [10:53:14 INFO]: SawyoloTheGreat left the game.
 --- [10:53:14 INFO]: SawyoloTheGreat[/24.20.229.69:47734] logged in with entity id 158722 at ([kevlar] -83.84128636288857, 63.786119915774876, 332.4697483830117)
 --- [10:55:15 INFO]: SawyoloTheGreat lost connection: You logged in from another location
 --- [10:55:15 INFO]: SawyoloTheGreat left the game.
 --- [10:55:15 INFO]: SawyoloTheGreat[/24.20.229.69:38857] logged in with entity id 159838 at ([kevlar] -118.9757791823152, 61.087345225283734, 313.68765459163114)
 --- [10:57:14 INFO]: SawyoloTheGreat lost connection: You logged in from another location
 --- [10:57:14 INFO]: SawyoloTheGreat left the game.
 --- [10:57:14 INFO]: SawyoloTheGreat[/24.20.229.69:39807] logged in with entity id 160547 at ([kevlar] -120.39052182873402, 59.0, 313.30300293480246)
