[16:50:51] [Server thread/INFO]: Starting minecraft server version 1.7.9
[16:50:51] [Server thread/INFO]: Loading properties
[16:50:51] [Server console handler/ERROR]: Exception handling console input
java.io.IOException: Bad file descriptor
	at java.io.FileInputStream.readBytes(Native Method) ~[?:1.8.0_242]
	at java.io.FileInputStream.read(FileInputStream.java:255) ~[?:1.8.0_242]
	at java.io.BufferedInputStream.fill(BufferedInputStream.java:246) ~[?:1.8.0_242]
	at java.io.BufferedInputStream.read(BufferedInputStream.java:265) ~[?:1.8.0_242]
	at java.io.FilterInputStream.read(FilterInputStream.java:83) ~[?:1.8.0_242]
	at org.bukkit.craftbukkit.libs.jline.console.ConsoleReader$1.read(ConsoleReader.java:167) ~[craftbukkit.jar:git-Bukkit-1.7.9-R0.1-10-g8688bd4-b3092jnks]
	at org.bukkit.craftbukkit.libs.jline.internal.InputStreamReader.read(InputStreamReader.java:267) ~[craftbukkit.jar:git-Bukkit-1.7.9-R0.1-10-g8688bd4-b3092jnks]
	at org.bukkit.craftbukkit.libs.jline.internal.InputStreamReader.read(InputStreamReader.java:204) ~[craftbukkit.jar:git-Bukkit-1.7.9-R0.1-10-g8688bd4-b3092jnks]
	at org.bukkit.craftbukkit.libs.jline.console.ConsoleReader.readCharacter(ConsoleReader.java:995) ~[craftbukkit.jar:git-Bukkit-1.7.9-R0.1-10-g8688bd4-b3092jnks]
	at org.bukkit.craftbukkit.libs.jline.console.ConsoleReader.readLineSimple(ConsoleReader.java:1506) ~[craftbukkit.jar:git-Bukkit-1.7.9-R0.1-10-g8688bd4-b3092jnks]
	at org.bukkit.craftbukkit.libs.jline.console.ConsoleReader.readLine(ConsoleReader.java:1153) ~[craftbukkit.jar:git-Bukkit-1.7.9-R0.1-10-g8688bd4-b3092jnks]
	at org.bukkit.craftbukkit.libs.jline.console.ConsoleReader.readLine(ConsoleReader.java:1117) ~[craftbukkit.jar:git-Bukkit-1.7.9-R0.1-10-g8688bd4-b3092jnks]
	at org.bukkit.craftbukkit.libs.jline.console.ConsoleReader.readLine(ConsoleReader.java:1105) ~[craftbukkit.jar:git-Bukkit-1.7.9-R0.1-10-g8688bd4-b3092jnks]
	at net.minecraft.server.v1_7_R3.ThreadCommandReader.run(ThreadCommandReader.java:34) [craftbukkit.jar:git-Bukkit-1.7.9-R0.1-10-g8688bd4-b3092jnks]
[16:50:51] [Server thread/INFO]: Default game type: CREATIVE
[16:50:51] [Server thread/INFO]: Generating keypair
[16:50:51] [Server thread/INFO]: Starting Minecraft server on *:5000
[16:50:52] [Server thread/INFO]: This server is running CraftBukkit version git-Bukkit-1.7.9-R0.1-10-g8688bd4-b3092jnks (MC: 1.7.9) (Implementing API version 1.7.9-R0.2)
[16:50:53] [Server thread/INFO]: [WorldEdit] Loading WorldEdit v5.6.2
[16:50:53] [Server thread/INFO]: [SignEdit] Loading SignEdit v3.3.9
[16:50:53] [Server thread/INFO]: [RunAs] Loading RunAs v1.0.1
[16:50:53] [Server thread/INFO]: [AntiCreeper] Loading AntiCreeper v4.18.1
[16:50:53] [Server thread/INFO]: [Essentials] Loading Essentials v2.13.1
[16:50:53] [Server thread/INFO]: [Speedcarts] Loading Speedcarts v1.3.5
[16:50:53] [Server thread/INFO]: [GroupManager] Loading GroupManager v2.1.11 (Phoenix)
[16:50:53] [Server thread/INFO]: [EssentialsChat] Loading EssentialsChat v2.13.1
[16:50:53] [Server thread/INFO]: [EssentialsProtect] Loading EssentialsProtect v2.13.1
[16:50:53] [Server thread/WARN]: **** SERVER IS RUNNING IN OFFLINE/INSECURE MODE!
[16:50:53] [Server thread/WARN]: The server will make no attempt to authenticate usernames. Beware.
[16:50:53] [Server thread/WARN]: While this makes the game possible to play without internet access, it also opens up the ability for hackers to connect with any username they choose.
[16:50:53] [Server thread/WARN]: To change this, set "online-mode" to "true" in the server.properties file.
[16:50:53] [Server thread/INFO]: Preparing level "kevlar"
[16:50:53] [Server thread/INFO]: Preparing start region for level 0 (Seed: -6429030645283485143)
[16:50:54] [Server thread/INFO]: Preparing spawn area: 16%
[16:50:55] [Server thread/INFO]: Preparing spawn area: 76%
[16:50:56] [Server thread/INFO]: Preparing start region for level 1 (Seed: -5412670237699833762)
[16:50:57] [Server thread/INFO]: Preparing spawn area: 70%
[16:50:57] [Server thread/INFO]: Preparing start region for level 2 (Seed: -5412670237699833762)
[16:50:58] [Server thread/INFO]: [WorldEdit] Enabling WorldEdit v5.6.2
[16:50:58] [Server thread/INFO]: WEPIF: Using the Bukkit Permissions API.
[16:50:58] [Server thread/INFO]: [SignEdit] Enabling SignEdit v3.3.9
[16:50:58] [Server thread/INFO]: [RunAs] Enabling RunAs v1.0.1
[16:50:58] [Server thread/INFO]: [AntiCreeper] Enabling AntiCreeper v4.18.1
[16:50:58] [Server thread/INFO]: [AntiCreeper] brought to you by Filbert66
[16:50:58] [Server thread/INFO]: [Essentials] Enabling Essentials v2.13.1
[16:51:00] [Server thread/INFO]: Essentials: Using config file enhanced permissions.
[16:51:00] [Server thread/INFO]: Permissions listed in as player-commands will be given to all users.
[16:51:00] [Server thread/INFO]: [Speedcarts] Enabling Speedcarts v1.3.5
[16:51:00] [Server thread/INFO]: [Speedcarts] Checking for updates...
[16:51:00] [Server thread/WARN]: [Speedcarts] [33mSpeedcarts could not check for updates [java.net.UnknownHostException: version.znt.se].[m
[16:51:00] [Server thread/INFO]: [Speedcarts] Speedcarts enabled!
[16:51:00] [Server thread/INFO]: [GroupManager] Enabling GroupManager v2.1.11 (Phoenix)
[16:51:00] [Server thread/INFO]: GroupManager - INFO - World Found: kevlar
[16:51:00] [Server thread/INFO]: GroupManager - INFO - World Found: world
[16:51:00] [Server thread/INFO]: GroupManager - INFO - Superperms support enabled.
[16:51:01] [Server thread/INFO]: GroupManager - INFO - Scheduled Data Saving is set for every 10 minutes!
[16:51:01] [Server thread/INFO]: GroupManager - INFO - Backups will be retained for 24 hours!
[16:51:01] [Server thread/INFO]: GroupManager version 2.1.11 (Phoenix) is enabled!
[16:51:01] [Server thread/INFO]: WEPIF: GroupManager detected! Using GroupManager for permissions.
[16:51:01] [Server thread/INFO]: Essentials: Using GroupManager based permissions.
[16:51:01] [Server thread/INFO]: [EssentialsChat] Enabling EssentialsChat v2.13.1
[16:51:01] [Server thread/INFO]: [EssentialsProtect] Enabling EssentialsProtect v2.13.1
[16:51:01] [Server thread/INFO]: Server permissions file permissions.yml is empty, ignoring it
[16:51:01] [Server thread/INFO]: Done (7.820s)! For help, type "help" or "?"
[16:51:01] [Server thread/INFO]: GroupManager - INFO - Bukkit Permissions Updated!
